INFO - 2023-12-01 05:54:30 --> Session: Class initialized using 'CodeIgniter\Session\Handlers\FileHandler' driver.
ERROR - 2023-12-01 05:54:46 --> Error connecting to the database: mysqli_sql_exception: No connection could be made because the target machine actively refused it in Q:\semester 3\PBO\haze-web\vendor\codeigniter4\framework\system\Database\MySQLi\Connection.php:185
Stack trace:
#0 Q:\semester 3\PBO\haze-web\vendor\codeigniter4\framework\system\Database\MySQLi\Connection.php(185): mysqli->real_connect('localhost', 'root', '', 'db_haze', 3306, '', 0)
#1 Q:\semester 3\PBO\haze-web\vendor\codeigniter4\framework\system\Database\BaseConnection.php(392): CodeIgniter\Database\MySQLi\Connection->connect(false)
#2 Q:\semester 3\PBO\haze-web\vendor\codeigniter4\framework\system\Database\BaseConnection.php(575): CodeIgniter\Database\BaseConnection->initialize()
#3 Q:\semester 3\PBO\haze-web\vendor\codeigniter4\framework\system\Database\BaseBuilder.php(1615): CodeIgniter\Database\BaseConnection->query('SELECT *\nFROM `...', Array, false)
#4 Q:\semester 3\PBO\haze-web\vendor\codeigniter4\framework\system\Model.php(237): CodeIgniter\Database\BaseBuilder->get()
#5 Q:\semester 3\PBO\haze-web\vendor\codeigniter4\framework\system\BaseModel.php(624): CodeIgniter\Model->doFindAll(0, 0)
#6 Q:\semester 3\PBO\haze-web\app\Controllers\Pages.php(36): CodeIgniter\BaseModel->findAll()
#7 Q:\semester 3\PBO\haze-web\vendor\codeigniter4\framework\system\CodeIgniter.php(942): App\Controllers\Pages->homepage()
#8 Q:\semester 3\PBO\haze-web\vendor\codeigniter4\framework\system\CodeIgniter.php(502): CodeIgniter\CodeIgniter->runController(Object(App\Controllers\Pages))
#9 Q:\semester 3\PBO\haze-web\vendor\codeigniter4\framework\system\CodeIgniter.php(361): CodeIgniter\CodeIgniter->handleRequest(NULL, Object(Config\Cache), false)
#10 Q:\semester 3\PBO\haze-web\public\index.php(79): CodeIgniter\CodeIgniter->run()
#11 Q:\semester 3\PBO\haze-web\vendor\codeigniter4\framework\system\Commands\Server\rewrite.php(47): require_once('Q:\\semester 3\\P...')
#12 {main}

Next CodeIgniter\Database\Exceptions\DatabaseException: No connection could be made because the target machine actively refused it in Q:\semester 3\PBO\haze-web\vendor\codeigniter4\framework\system\Database\MySQLi\Connection.php:229
Stack trace:
#0 Q:\semester 3\PBO\haze-web\vendor\codeigniter4\framework\system\Database\BaseConnection.php(392): CodeIgniter\Database\MySQLi\Connection->connect(false)
#1 Q:\semester 3\PBO\haze-web\vendor\codeigniter4\framework\system\Database\BaseConnection.php(575): CodeIgniter\Database\BaseConnection->initialize()
#2 Q:\semester 3\PBO\haze-web\vendor\codeigniter4\framework\system\Database\BaseBuilder.php(1615): CodeIgniter\Database\BaseConnection->query('SELECT *\nFROM `...', Array, false)
#3 Q:\semester 3\PBO\haze-web\vendor\codeigniter4\framework\system\Model.php(237): CodeIgniter\Database\BaseBuilder->get()
#4 Q:\semester 3\PBO\haze-web\vendor\codeigniter4\framework\system\BaseModel.php(624): CodeIgniter\Model->doFindAll(0, 0)
#5 Q:\semester 3\PBO\haze-web\app\Controllers\Pages.php(36): CodeIgniter\BaseModel->findAll()
#6 Q:\semester 3\PBO\haze-web\vendor\codeigniter4\framework\system\CodeIgniter.php(942): App\Controllers\Pages->homepage()
#7 Q:\semester 3\PBO\haze-web\vendor\codeigniter4\framework\system\CodeIgniter.php(502): CodeIgniter\CodeIgniter->runController(Object(App\Controllers\Pages))
#8 Q:\semester 3\PBO\haze-web\vendor\codeigniter4\framework\system\CodeIgniter.php(361): CodeIgniter\CodeIgniter->handleRequest(NULL, Object(Config\Cache), false)
#9 Q:\semester 3\PBO\haze-web\public\index.php(79): CodeIgniter\CodeIgniter->run()
#10 Q:\semester 3\PBO\haze-web\vendor\codeigniter4\framework\system\Commands\Server\rewrite.php(47): require_once('Q:\\semester 3\\P...')
#11 {main}
CRITICAL - 2023-12-01 05:54:46 --> Unable to connect to the database.
Main connection [MySQLi]: No connection could be made because the target machine actively refused it
in SYSTEMPATH\Database\BaseConnection.php on line 428.
 1 SYSTEMPATH\Database\BaseConnection.php(575): CodeIgniter\Database\BaseConnection->initialize()
 2 SYSTEMPATH\Database\BaseBuilder.php(1615): CodeIgniter\Database\BaseConnection->query('SELECT *
FROM `games`', [], false)
 3 SYSTEMPATH\Model.php(237): CodeIgniter\Database\BaseBuilder->get()
 4 SYSTEMPATH\BaseModel.php(624): CodeIgniter\Model->doFindAll(0, 0)
 5 APPPATH\Controllers\Pages.php(36): CodeIgniter\BaseModel->findAll()
 6 SYSTEMPATH\CodeIgniter.php(942): App\Controllers\Pages->homepage()
 7 SYSTEMPATH\CodeIgniter.php(502): CodeIgniter\CodeIgniter->runController(Object(App\Controllers\Pages))
 8 SYSTEMPATH\CodeIgniter.php(361): CodeIgniter\CodeIgniter->handleRequest(null, Object(Config\Cache), false)
 9 FCPATH\index.php(79): CodeIgniter\CodeIgniter->run()
10 SYSTEMPATH\Commands\Server\rewrite.php(47): require_once('Q:\\semester 3\\PBO\\haze-web\\public\\index.php')
INFO - 2023-12-01 05:54:52 --> Session: Class initialized using 'CodeIgniter\Session\Handlers\FileHandler' driver.
INFO - 2023-12-01 05:54:56 --> Session: Class initialized using 'CodeIgniter\Session\Handlers\FileHandler' driver.
INFO - 2023-12-01 05:54:59 --> Session: Class initialized using 'CodeIgniter\Session\Handlers\FileHandler' driver.
INFO - 2023-12-01 05:55:15 --> Session: Class initialized using 'CodeIgniter\Session\Handlers\FileHandler' driver.
ERROR - 2023-12-01 05:55:23 --> Error connecting to the database: mysqli_sql_exception: No connection could be made because the target machine actively refused it in Q:\semester 3\PBO\haze-web\vendor\codeigniter4\framework\system\Database\MySQLi\Connection.php:185
Stack trace:
#0 Q:\semester 3\PBO\haze-web\vendor\codeigniter4\framework\system\Database\MySQLi\Connection.php(185): mysqli->real_connect('localhost', 'root', '', 'db_haze', 3306, '', 0)
#1 Q:\semester 3\PBO\haze-web\vendor\codeigniter4\framework\system\Database\BaseConnection.php(392): CodeIgniter\Database\MySQLi\Connection->connect(false)
#2 Q:\semester 3\PBO\haze-web\vendor\codeigniter4\framework\system\Database\BaseConnection.php(575): CodeIgniter\Database\BaseConnection->initialize()
#3 Q:\semester 3\PBO\haze-web\vendor\codeigniter4\framework\system\Database\BaseBuilder.php(1615): CodeIgniter\Database\BaseConnection->query('SELECT *\nFROM `...', Array, false)
#4 Q:\semester 3\PBO\haze-web\vendor\codeigniter4\framework\system\Model.php(237): CodeIgniter\Database\BaseBuilder->get()
#5 Q:\semester 3\PBO\haze-web\vendor\codeigniter4\framework\system\BaseModel.php(624): CodeIgniter\Model->doFindAll(0, 0)
#6 Q:\semester 3\PBO\haze-web\app\Controllers\Pages.php(36): CodeIgniter\BaseModel->findAll()
#7 Q:\semester 3\PBO\haze-web\vendor\codeigniter4\framework\system\CodeIgniter.php(942): App\Controllers\Pages->homepage()
#8 Q:\semester 3\PBO\haze-web\vendor\codeigniter4\framework\system\CodeIgniter.php(502): CodeIgniter\CodeIgniter->runController(Object(App\Controllers\Pages))
#9 Q:\semester 3\PBO\haze-web\vendor\codeigniter4\framework\system\CodeIgniter.php(361): CodeIgniter\CodeIgniter->handleRequest(NULL, Object(Config\Cache), false)
#10 Q:\semester 3\PBO\haze-web\public\index.php(79): CodeIgniter\CodeIgniter->run()
#11 Q:\semester 3\PBO\haze-web\vendor\codeigniter4\framework\system\Commands\Server\rewrite.php(47): require_once('Q:\\semester 3\\P...')
#12 {main}

Next CodeIgniter\Database\Exceptions\DatabaseException: No connection could be made because the target machine actively refused it in Q:\semester 3\PBO\haze-web\vendor\codeigniter4\framework\system\Database\MySQLi\Connection.php:229
Stack trace:
#0 Q:\semester 3\PBO\haze-web\vendor\codeigniter4\framework\system\Database\BaseConnection.php(392): CodeIgniter\Database\MySQLi\Connection->connect(false)
#1 Q:\semester 3\PBO\haze-web\vendor\codeigniter4\framework\system\Database\BaseConnection.php(575): CodeIgniter\Database\BaseConnection->initialize()
#2 Q:\semester 3\PBO\haze-web\vendor\codeigniter4\framework\system\Database\BaseBuilder.php(1615): CodeIgniter\Database\BaseConnection->query('SELECT *\nFROM `...', Array, false)
#3 Q:\semester 3\PBO\haze-web\vendor\codeigniter4\framework\system\Model.php(237): CodeIgniter\Database\BaseBuilder->get()
#4 Q:\semester 3\PBO\haze-web\vendor\codeigniter4\framework\system\BaseModel.php(624): CodeIgniter\Model->doFindAll(0, 0)
#5 Q:\semester 3\PBO\haze-web\app\Controllers\Pages.php(36): CodeIgniter\BaseModel->findAll()
#6 Q:\semester 3\PBO\haze-web\vendor\codeigniter4\framework\system\CodeIgniter.php(942): App\Controllers\Pages->homepage()
#7 Q:\semester 3\PBO\haze-web\vendor\codeigniter4\framework\system\CodeIgniter.php(502): CodeIgniter\CodeIgniter->runController(Object(App\Controllers\Pages))
#8 Q:\semester 3\PBO\haze-web\vendor\codeigniter4\framework\system\CodeIgniter.php(361): CodeIgniter\CodeIgniter->handleRequest(NULL, Object(Config\Cache), false)
#9 Q:\semester 3\PBO\haze-web\public\index.php(79): CodeIgniter\CodeIgniter->run()
#10 Q:\semester 3\PBO\haze-web\vendor\codeigniter4\framework\system\Commands\Server\rewrite.php(47): require_once('Q:\\semester 3\\P...')
#11 {main}
CRITICAL - 2023-12-01 05:55:23 --> Unable to connect to the database.
Main connection [MySQLi]: No connection could be made because the target machine actively refused it
in SYSTEMPATH\Database\BaseConnection.php on line 428.
 1 SYSTEMPATH\Database\BaseConnection.php(575): CodeIgniter\Database\BaseConnection->initialize()
 2 SYSTEMPATH\Database\BaseBuilder.php(1615): CodeIgniter\Database\BaseConnection->query('SELECT *
FROM `games`', [], false)
 3 SYSTEMPATH\Model.php(237): CodeIgniter\Database\BaseBuilder->get()
 4 SYSTEMPATH\BaseModel.php(624): CodeIgniter\Model->doFindAll(0, 0)
 5 APPPATH\Controllers\Pages.php(36): CodeIgniter\BaseModel->findAll()
 6 SYSTEMPATH\CodeIgniter.php(942): App\Controllers\Pages->homepage()
 7 SYSTEMPATH\CodeIgniter.php(502): CodeIgniter\CodeIgniter->runController(Object(App\Controllers\Pages))
 8 SYSTEMPATH\CodeIgniter.php(361): CodeIgniter\CodeIgniter->handleRequest(null, Object(Config\Cache), false)
 9 FCPATH\index.php(79): CodeIgniter\CodeIgniter->run()
10 SYSTEMPATH\Commands\Server\rewrite.php(47): require_once('Q:\\semester 3\\PBO\\haze-web\\public\\index.php')
INFO - 2023-12-01 05:55:24 --> Session: Class initialized using 'CodeIgniter\Session\Handlers\FileHandler' driver.
INFO - 2023-12-01 05:59:28 --> Session: Class initialized using 'CodeIgniter\Session\Handlers\FileHandler' driver.
INFO - 2023-12-01 05:59:30 --> Session: Class initialized using 'CodeIgniter\Session\Handlers\FileHandler' driver.
ERROR - 2023-12-01 06:01:17 --> Error connecting to the database: mysqli_sql_exception: No connection could be made because the target machine actively refused it in Q:\semester 3\PBO\haze-web\vendor\codeigniter4\framework\system\Database\MySQLi\Connection.php:185
Stack trace:
#0 Q:\semester 3\PBO\haze-web\vendor\codeigniter4\framework\system\Database\MySQLi\Connection.php(185): mysqli->real_connect('localhost', 'root', '', 'db_haze', 3306, '', 0)
#1 Q:\semester 3\PBO\haze-web\vendor\codeigniter4\framework\system\Database\BaseConnection.php(392): CodeIgniter\Database\MySQLi\Connection->connect(false)
#2 Q:\semester 3\PBO\haze-web\vendor\codeigniter4\framework\system\Database\Database.php(66): CodeIgniter\Database\BaseConnection->initialize()
#3 Q:\semester 3\PBO\haze-web\vendor\codeigniter4\framework\system\Database\Config.php(110): CodeIgniter\Database\Database->loadForge(Object(CodeIgniter\Database\MySQLi\Connection))
#4 Q:\semester 3\PBO\haze-web\vendor\codeigniter4\framework\system\Database\Seeder.php(97): CodeIgniter\Database\Config::forge(NULL)
#5 Q:\semester 3\PBO\haze-web\vendor\codeigniter4\framework\system\Commands\Database\Seed.php(69): CodeIgniter\Database\Seeder->__construct(Object(Config\Database))
#6 Q:\semester 3\PBO\haze-web\vendor\codeigniter4\framework\system\CLI\Commands.php(65): CodeIgniter\Commands\Database\Seed->run(Array)
#7 Q:\semester 3\PBO\haze-web\vendor\codeigniter4\framework\system\CLI\Console.php(46): CodeIgniter\CLI\Commands->run('db:seed', Array)
#8 Q:\semester 3\PBO\haze-web\spark(102): CodeIgniter\CLI\Console->run()
#9 {main}

Next CodeIgniter\Database\Exceptions\DatabaseException: No connection could be made because the target machine actively refused it in Q:\semester 3\PBO\haze-web\vendor\codeigniter4\framework\system\Database\MySQLi\Connection.php:229
Stack trace:
#0 Q:\semester 3\PBO\haze-web\vendor\codeigniter4\framework\system\Database\BaseConnection.php(392): CodeIgniter\Database\MySQLi\Connection->connect(false)
#1 Q:\semester 3\PBO\haze-web\vendor\codeigniter4\framework\system\Database\Database.php(66): CodeIgniter\Database\BaseConnection->initialize()
#2 Q:\semester 3\PBO\haze-web\vendor\codeigniter4\framework\system\Database\Config.php(110): CodeIgniter\Database\Database->loadForge(Object(CodeIgniter\Database\MySQLi\Connection))
#3 Q:\semester 3\PBO\haze-web\vendor\codeigniter4\framework\system\Database\Seeder.php(97): CodeIgniter\Database\Config::forge(NULL)
#4 Q:\semester 3\PBO\haze-web\vendor\codeigniter4\framework\system\Commands\Database\Seed.php(69): CodeIgniter\Database\Seeder->__construct(Object(Config\Database))
#5 Q:\semester 3\PBO\haze-web\vendor\codeigniter4\framework\system\CLI\Commands.php(65): CodeIgniter\Commands\Database\Seed->run(Array)
#6 Q:\semester 3\PBO\haze-web\vendor\codeigniter4\framework\system\CLI\Console.php(46): CodeIgniter\CLI\Commands->run('db:seed', Array)
#7 Q:\semester 3\PBO\haze-web\spark(102): CodeIgniter\CLI\Console->run()
#8 {main}
CRITICAL - 2023-12-01 06:01:17 --> Unable to connect to the database.
Main connection [MySQLi]: No connection could be made because the target machine actively refused it
in SYSTEMPATH\Database\BaseConnection.php on line 428.
 1 SYSTEMPATH\Database\Database.php(66): CodeIgniter\Database\BaseConnection->initialize()
 2 SYSTEMPATH\Database\Config.php(110): CodeIgniter\Database\Database->loadForge(Object(CodeIgniter\Database\MySQLi\Connection))
 3 SYSTEMPATH\Database\Seeder.php(97): CodeIgniter\Database\Config::forge(null)
 4 SYSTEMPATH\Commands\Database\Seed.php(69): CodeIgniter\Database\Seeder->__construct(Object(Config\Database))
 5 SYSTEMPATH\CLI\Commands.php(65): CodeIgniter\Commands\Database\Seed->run([...])
 6 SYSTEMPATH\CLI\Console.php(46): CodeIgniter\CLI\Commands->run('db:seed', [...])
 7 ROOTPATH\spark(102): CodeIgniter\CLI\Console->run()
ERROR - 2023-12-01 06:01:40 --> Error connecting to the database: mysqli_sql_exception: No connection could be made because the target machine actively refused it in Q:\semester 3\PBO\haze-web\vendor\codeigniter4\framework\system\Database\MySQLi\Connection.php:185
Stack trace:
#0 Q:\semester 3\PBO\haze-web\vendor\codeigniter4\framework\system\Database\MySQLi\Connection.php(185): mysqli->real_connect('localhost', 'root', '', 'db_haze', 3306, '', 0)
#1 Q:\semester 3\PBO\haze-web\vendor\codeigniter4\framework\system\Database\BaseConnection.php(392): CodeIgniter\Database\MySQLi\Connection->connect(false)
#2 Q:\semester 3\PBO\haze-web\vendor\codeigniter4\framework\system\Database\Database.php(66): CodeIgniter\Database\BaseConnection->initialize()
#3 Q:\semester 3\PBO\haze-web\vendor\codeigniter4\framework\system\Database\Config.php(110): CodeIgniter\Database\Database->loadForge(Object(CodeIgniter\Database\MySQLi\Connection))
#4 Q:\semester 3\PBO\haze-web\vendor\codeigniter4\framework\system\Database\Seeder.php(97): CodeIgniter\Database\Config::forge(NULL)
#5 Q:\semester 3\PBO\haze-web\vendor\codeigniter4\framework\system\Commands\Database\Seed.php(69): CodeIgniter\Database\Seeder->__construct(Object(Config\Database))
#6 Q:\semester 3\PBO\haze-web\vendor\codeigniter4\framework\system\CLI\Commands.php(65): CodeIgniter\Commands\Database\Seed->run(Array)
#7 Q:\semester 3\PBO\haze-web\vendor\codeigniter4\framework\system\CLI\Console.php(46): CodeIgniter\CLI\Commands->run('db:seed', Array)
#8 Q:\semester 3\PBO\haze-web\spark(102): CodeIgniter\CLI\Console->run()
#9 {main}

Next CodeIgniter\Database\Exceptions\DatabaseException: No connection could be made because the target machine actively refused it in Q:\semester 3\PBO\haze-web\vendor\codeigniter4\framework\system\Database\MySQLi\Connection.php:229
Stack trace:
#0 Q:\semester 3\PBO\haze-web\vendor\codeigniter4\framework\system\Database\BaseConnection.php(392): CodeIgniter\Database\MySQLi\Connection->connect(false)
#1 Q:\semester 3\PBO\haze-web\vendor\codeigniter4\framework\system\Database\Database.php(66): CodeIgniter\Database\BaseConnection->initialize()
#2 Q:\semester 3\PBO\haze-web\vendor\codeigniter4\framework\system\Database\Config.php(110): CodeIgniter\Database\Database->loadForge(Object(CodeIgniter\Database\MySQLi\Connection))
#3 Q:\semester 3\PBO\haze-web\vendor\codeigniter4\framework\system\Database\Seeder.php(97): CodeIgniter\Database\Config::forge(NULL)
#4 Q:\semester 3\PBO\haze-web\vendor\codeigniter4\framework\system\Commands\Database\Seed.php(69): CodeIgniter\Database\Seeder->__construct(Object(Config\Database))
#5 Q:\semester 3\PBO\haze-web\vendor\codeigniter4\framework\system\CLI\Commands.php(65): CodeIgniter\Commands\Database\Seed->run(Array)
#6 Q:\semester 3\PBO\haze-web\vendor\codeigniter4\framework\system\CLI\Console.php(46): CodeIgniter\CLI\Commands->run('db:seed', Array)
#7 Q:\semester 3\PBO\haze-web\spark(102): CodeIgniter\CLI\Console->run()
#8 {main}
CRITICAL - 2023-12-01 06:01:40 --> Unable to connect to the database.
Main connection [MySQLi]: No connection could be made because the target machine actively refused it
in SYSTEMPATH\Database\BaseConnection.php on line 428.
 1 SYSTEMPATH\Database\Database.php(66): CodeIgniter\Database\BaseConnection->initialize()
 2 SYSTEMPATH\Database\Config.php(110): CodeIgniter\Database\Database->loadForge(Object(CodeIgniter\Database\MySQLi\Connection))
 3 SYSTEMPATH\Database\Seeder.php(97): CodeIgniter\Database\Config::forge(null)
 4 SYSTEMPATH\Commands\Database\Seed.php(69): CodeIgniter\Database\Seeder->__construct(Object(Config\Database))
 5 SYSTEMPATH\CLI\Commands.php(65): CodeIgniter\Commands\Database\Seed->run([...])
 6 SYSTEMPATH\CLI\Console.php(46): CodeIgniter\CLI\Commands->run('db:seed', [...])
 7 ROOTPATH\spark(102): CodeIgniter\CLI\Console->run()
