INFO - 2023-11-21 05:13:44 --> Session: Class initialized using 'CodeIgniter\Session\Handlers\FileHandler' driver.
INFO - 2023-11-21 05:13:44 --> Session: Class initialized using 'CodeIgniter\Session\Handlers\FileHandler' driver.
INFO - 2023-11-21 05:14:13 --> Session: Class initialized using 'CodeIgniter\Session\Handlers\FileHandler' driver.
INFO - 2023-11-21 05:14:14 --> Session: Class initialized using 'CodeIgniter\Session\Handlers\FileHandler' driver.
INFO - 2023-11-21 05:14:14 --> Session: Class initialized using 'CodeIgniter\Session\Handlers\FileHandler' driver.
INFO - 2023-11-21 05:14:23 --> Session: Class initialized using 'CodeIgniter\Session\Handlers\FileHandler' driver.
INFO - 2023-11-21 05:15:07 --> Session: Class initialized using 'CodeIgniter\Session\Handlers\FileHandler' driver.
INFO - 2023-11-21 05:15:10 --> Session: Class initialized using 'CodeIgniter\Session\Handlers\FileHandler' driver.
INFO - 2023-11-21 05:15:15 --> Session: Class initialized using 'CodeIgniter\Session\Handlers\FileHandler' driver.
INFO - 2023-11-21 05:15:40 --> Session: Class initialized using 'CodeIgniter\Session\Handlers\FileHandler' driver.
INFO - 2023-11-21 05:15:46 --> Session: Class initialized using 'CodeIgniter\Session\Handlers\FileHandler' driver.
INFO - 2023-11-21 05:15:46 --> Session: Class initialized using 'CodeIgniter\Session\Handlers\FileHandler' driver.
INFO - 2023-11-21 05:15:50 --> Session: Class initialized using 'CodeIgniter\Session\Handlers\FileHandler' driver.
INFO - 2023-11-21 05:15:57 --> Session: Class initialized using 'CodeIgniter\Session\Handlers\FileHandler' driver.
INFO - 2023-11-21 05:16:21 --> Session: Class initialized using 'CodeIgniter\Session\Handlers\FileHandler' driver.
INFO - 2023-11-21 05:16:25 --> Session: Class initialized using 'CodeIgniter\Session\Handlers\FileHandler' driver.
INFO - 2023-11-21 05:16:28 --> Session: Class initialized using 'CodeIgniter\Session\Handlers\FileHandler' driver.
INFO - 2023-11-21 06:12:41 --> Session: Class initialized using 'CodeIgniter\Session\Handlers\FileHandler' driver.
INFO - 2023-11-21 06:12:44 --> Session: Class initialized using 'CodeIgniter\Session\Handlers\FileHandler' driver.
INFO - 2023-11-21 06:21:36 --> Session: Class initialized using 'CodeIgniter\Session\Handlers\FileHandler' driver.
INFO - 2023-11-21 06:21:39 --> Session: Class initialized using 'CodeIgniter\Session\Handlers\FileHandler' driver.
INFO - 2023-11-21 06:21:45 --> Session: Class initialized using 'CodeIgniter\Session\Handlers\FileHandler' driver.
INFO - 2023-11-21 06:21:49 --> Session: Class initialized using 'CodeIgniter\Session\Handlers\FileHandler' driver.
INFO - 2023-11-21 06:22:01 --> Session: Class initialized using 'CodeIgniter\Session\Handlers\FileHandler' driver.
INFO - 2023-11-21 06:57:36 --> Session: Class initialized using 'CodeIgniter\Session\Handlers\FileHandler' driver.
INFO - 2023-11-21 07:09:14 --> Session: Class initialized using 'CodeIgniter\Session\Handlers\FileHandler' driver.
CRITICAL - 2023-11-21 07:37:06 --> include(/header): Failed to open stream: No such file or directory
in APPPATH\Views\pages\about.php on line 10.
 1 APPPATH\Views\pages\about.php(10): CodeIgniter\Debug\Exceptions->errorHandler(2, 'include(/header): Failed to open stream: No such file or directory', 'C:\\Users\\nurka\\OneDrive\\Documents\\Coding\\Project Akhir\\Pemweb\\haze-web\\app\\Views\\pages\\about.php', 10)
 2 APPPATH\Views\pages\about.php(10): include()
 3 SYSTEMPATH\View\View.php(226): include('C:\\Users\\nurka\\OneDrive\\Documents\\Coding\\Project Akhir\\Pemweb\\haze-web\\app\\Views\\pages\\about.php')
 4 SYSTEMPATH\View\View.php(229): CodeIgniter\View\View->CodeIgniter\View\{closure}()
 5 SYSTEMPATH\Common.php(1188): CodeIgniter\View\View->render('pages/about', [], true)
 6 APPPATH\Controllers\Pages.php(24): view('pages/about')
 7 SYSTEMPATH\CodeIgniter.php(919): App\Controllers\Pages->about()
 8 SYSTEMPATH\CodeIgniter.php(494): CodeIgniter\CodeIgniter->runController(Object(App\Controllers\Pages))
 9 SYSTEMPATH\CodeIgniter.php(353): CodeIgniter\CodeIgniter->handleRequest(null, Object(Config\Cache), false)
10 FCPATH\index.php(79): CodeIgniter\CodeIgniter->run()
11 SYSTEMPATH\Commands\Server\rewrite.php(47): require_once('C:\\Users\\nurka\\OneDrive\\Documents\\Coding\\Project Akhir\\Pemweb\\haze-web\\public\\index.php')
CRITICAL - 2023-11-21 07:37:07 --> include(/header): Failed to open stream: No such file or directory
in APPPATH\Views\pages\about.php on line 10.
 1 APPPATH\Views\pages\about.php(10): CodeIgniter\Debug\Exceptions->errorHandler(2, 'include(/header): Failed to open stream: No such file or directory', 'C:\\Users\\nurka\\OneDrive\\Documents\\Coding\\Project Akhir\\Pemweb\\haze-web\\app\\Views\\pages\\about.php', 10)
 2 APPPATH\Views\pages\about.php(10): include()
 3 SYSTEMPATH\View\View.php(226): include('C:\\Users\\nurka\\OneDrive\\Documents\\Coding\\Project Akhir\\Pemweb\\haze-web\\app\\Views\\pages\\about.php')
 4 SYSTEMPATH\View\View.php(229): CodeIgniter\View\View->CodeIgniter\View\{closure}()
 5 SYSTEMPATH\Common.php(1188): CodeIgniter\View\View->render('pages/about', [], true)
 6 APPPATH\Controllers\Pages.php(24): view('pages/about')
 7 SYSTEMPATH\CodeIgniter.php(919): App\Controllers\Pages->about()
 8 SYSTEMPATH\CodeIgniter.php(494): CodeIgniter\CodeIgniter->runController(Object(App\Controllers\Pages))
 9 SYSTEMPATH\CodeIgniter.php(353): CodeIgniter\CodeIgniter->handleRequest(null, Object(Config\Cache), false)
10 FCPATH\index.php(79): CodeIgniter\CodeIgniter->run()
11 SYSTEMPATH\Commands\Server\rewrite.php(47): require_once('C:\\Users\\nurka\\OneDrive\\Documents\\Coding\\Project Akhir\\Pemweb\\haze-web\\public\\index.php')
CRITICAL - 2023-11-21 07:37:07 --> include(/header): Failed to open stream: No such file or directory
in APPPATH\Views\pages\about.php on line 10.
 1 APPPATH\Views\pages\about.php(10): CodeIgniter\Debug\Exceptions->errorHandler(2, 'include(/header): Failed to open stream: No such file or directory', 'C:\\Users\\nurka\\OneDrive\\Documents\\Coding\\Project Akhir\\Pemweb\\haze-web\\app\\Views\\pages\\about.php', 10)
 2 APPPATH\Views\pages\about.php(10): include()
 3 SYSTEMPATH\View\View.php(226): include('C:\\Users\\nurka\\OneDrive\\Documents\\Coding\\Project Akhir\\Pemweb\\haze-web\\app\\Views\\pages\\about.php')
 4 SYSTEMPATH\View\View.php(229): CodeIgniter\View\View->CodeIgniter\View\{closure}()
 5 SYSTEMPATH\Common.php(1188): CodeIgniter\View\View->render('pages/about', [], true)
 6 APPPATH\Controllers\Pages.php(24): view('pages/about')
 7 SYSTEMPATH\CodeIgniter.php(919): App\Controllers\Pages->about()
 8 SYSTEMPATH\CodeIgniter.php(494): CodeIgniter\CodeIgniter->runController(Object(App\Controllers\Pages))
 9 SYSTEMPATH\CodeIgniter.php(353): CodeIgniter\CodeIgniter->handleRequest(null, Object(Config\Cache), false)
10 FCPATH\index.php(79): CodeIgniter\CodeIgniter->run()
11 SYSTEMPATH\Commands\Server\rewrite.php(47): require_once('C:\\Users\\nurka\\OneDrive\\Documents\\Coding\\Project Akhir\\Pemweb\\haze-web\\public\\index.php')
CRITICAL - 2023-11-21 07:37:08 --> include(/header): Failed to open stream: No such file or directory
in APPPATH\Views\pages\about.php on line 10.
 1 APPPATH\Views\pages\about.php(10): CodeIgniter\Debug\Exceptions->errorHandler(2, 'include(/header): Failed to open stream: No such file or directory', 'C:\\Users\\nurka\\OneDrive\\Documents\\Coding\\Project Akhir\\Pemweb\\haze-web\\app\\Views\\pages\\about.php', 10)
 2 APPPATH\Views\pages\about.php(10): include()
 3 SYSTEMPATH\View\View.php(226): include('C:\\Users\\nurka\\OneDrive\\Documents\\Coding\\Project Akhir\\Pemweb\\haze-web\\app\\Views\\pages\\about.php')
 4 SYSTEMPATH\View\View.php(229): CodeIgniter\View\View->CodeIgniter\View\{closure}()
 5 SYSTEMPATH\Common.php(1188): CodeIgniter\View\View->render('pages/about', [], true)
 6 APPPATH\Controllers\Pages.php(24): view('pages/about')
 7 SYSTEMPATH\CodeIgniter.php(919): App\Controllers\Pages->about()
 8 SYSTEMPATH\CodeIgniter.php(494): CodeIgniter\CodeIgniter->runController(Object(App\Controllers\Pages))
 9 SYSTEMPATH\CodeIgniter.php(353): CodeIgniter\CodeIgniter->handleRequest(null, Object(Config\Cache), false)
10 FCPATH\index.php(79): CodeIgniter\CodeIgniter->run()
11 SYSTEMPATH\Commands\Server\rewrite.php(47): require_once('C:\\Users\\nurka\\OneDrive\\Documents\\Coding\\Project Akhir\\Pemweb\\haze-web\\public\\index.php')
CRITICAL - 2023-11-21 07:37:24 --> Undefined constant "base"
in APPPATH\Views\pages\about.php on line 10.
 1 SYSTEMPATH\View\View.php(226): include()
 2 SYSTEMPATH\View\View.php(229): CodeIgniter\View\View->CodeIgniter\View\{closure}()
 3 SYSTEMPATH\Common.php(1188): CodeIgniter\View\View->render('pages/about', [], true)
 4 APPPATH\Controllers\Pages.php(24): view('pages/about')
 5 SYSTEMPATH\CodeIgniter.php(919): App\Controllers\Pages->about()
 6 SYSTEMPATH\CodeIgniter.php(494): CodeIgniter\CodeIgniter->runController(Object(App\Controllers\Pages))
 7 SYSTEMPATH\CodeIgniter.php(353): CodeIgniter\CodeIgniter->handleRequest(null, Object(Config\Cache), false)
 8 FCPATH\index.php(79): CodeIgniter\CodeIgniter->run()
 9 SYSTEMPATH\Commands\Server\rewrite.php(47): require_once('C:\\Users\\nurka\\OneDrive\\Documents\\Coding\\Project Akhir\\Pemweb\\haze-web\\public\\index.php')
CRITICAL - 2023-11-21 07:37:25 --> include(): http:// wrapper is disabled in the server configuration by allow_url_include=0
in APPPATH\Views\pages\about.php on line 10.
 1 APPPATH\Views\pages\about.php(10): CodeIgniter\Debug\Exceptions->errorHandler(2, 'include(): http:// wrapper is disabled in the server configuration by allow_url_include=0', 'C:\\Users\\nurka\\OneDrive\\Documents\\Coding\\Project Akhir\\Pemweb\\haze-web\\app\\Views\\pages\\about.php', 10)
 2 APPPATH\Views\pages\about.php(10): include()
 3 SYSTEMPATH\View\View.php(226): include('C:\\Users\\nurka\\OneDrive\\Documents\\Coding\\Project Akhir\\Pemweb\\haze-web\\app\\Views\\pages\\about.php')
 4 SYSTEMPATH\View\View.php(229): CodeIgniter\View\View->CodeIgniter\View\{closure}()
 5 SYSTEMPATH\Common.php(1188): CodeIgniter\View\View->render('pages/about', [], true)
 6 APPPATH\Controllers\Pages.php(24): view('pages/about')
 7 SYSTEMPATH\CodeIgniter.php(919): App\Controllers\Pages->about()
 8 SYSTEMPATH\CodeIgniter.php(494): CodeIgniter\CodeIgniter->runController(Object(App\Controllers\Pages))
 9 SYSTEMPATH\CodeIgniter.php(353): CodeIgniter\CodeIgniter->handleRequest(null, Object(Config\Cache), false)
10 FCPATH\index.php(79): CodeIgniter\CodeIgniter->run()
11 SYSTEMPATH\Commands\Server\rewrite.php(47): require_once('C:\\Users\\nurka\\OneDrive\\Documents\\Coding\\Project Akhir\\Pemweb\\haze-web\\public\\index.php')
CRITICAL - 2023-11-21 07:37:26 --> include(): http:// wrapper is disabled in the server configuration by allow_url_include=0
in APPPATH\Views\pages\about.php on line 10.
 1 APPPATH\Views\pages\about.php(10): CodeIgniter\Debug\Exceptions->errorHandler(2, 'include(): http:// wrapper is disabled in the server configuration by allow_url_include=0', 'C:\\Users\\nurka\\OneDrive\\Documents\\Coding\\Project Akhir\\Pemweb\\haze-web\\app\\Views\\pages\\about.php', 10)
 2 APPPATH\Views\pages\about.php(10): include()
 3 SYSTEMPATH\View\View.php(226): include('C:\\Users\\nurka\\OneDrive\\Documents\\Coding\\Project Akhir\\Pemweb\\haze-web\\app\\Views\\pages\\about.php')
 4 SYSTEMPATH\View\View.php(229): CodeIgniter\View\View->CodeIgniter\View\{closure}()
 5 SYSTEMPATH\Common.php(1188): CodeIgniter\View\View->render('pages/about', [], true)
 6 APPPATH\Controllers\Pages.php(24): view('pages/about')
 7 SYSTEMPATH\CodeIgniter.php(919): App\Controllers\Pages->about()
 8 SYSTEMPATH\CodeIgniter.php(494): CodeIgniter\CodeIgniter->runController(Object(App\Controllers\Pages))
 9 SYSTEMPATH\CodeIgniter.php(353): CodeIgniter\CodeIgniter->handleRequest(null, Object(Config\Cache), false)
10 FCPATH\index.php(79): CodeIgniter\CodeIgniter->run()
11 SYSTEMPATH\Commands\Server\rewrite.php(47): require_once('C:\\Users\\nurka\\OneDrive\\Documents\\Coding\\Project Akhir\\Pemweb\\haze-web\\public\\index.php')
CRITICAL - 2023-11-21 07:37:30 --> include(/header): Failed to open stream: No such file or directory
in APPPATH\Views\pages\about.php on line 10.
 1 APPPATH\Views\pages\about.php(10): CodeIgniter\Debug\Exceptions->errorHandler(2, 'include(/header): Failed to open stream: No such file or directory', 'C:\\Users\\nurka\\OneDrive\\Documents\\Coding\\Project Akhir\\Pemweb\\haze-web\\app\\Views\\pages\\about.php', 10)
 2 APPPATH\Views\pages\about.php(10): include()
 3 SYSTEMPATH\View\View.php(226): include('C:\\Users\\nurka\\OneDrive\\Documents\\Coding\\Project Akhir\\Pemweb\\haze-web\\app\\Views\\pages\\about.php')
 4 SYSTEMPATH\View\View.php(229): CodeIgniter\View\View->CodeIgniter\View\{closure}()
 5 SYSTEMPATH\Common.php(1188): CodeIgniter\View\View->render('pages/about', [], true)
 6 APPPATH\Controllers\Pages.php(24): view('pages/about')
 7 SYSTEMPATH\CodeIgniter.php(919): App\Controllers\Pages->about()
 8 SYSTEMPATH\CodeIgniter.php(494): CodeIgniter\CodeIgniter->runController(Object(App\Controllers\Pages))
 9 SYSTEMPATH\CodeIgniter.php(353): CodeIgniter\CodeIgniter->handleRequest(null, Object(Config\Cache), false)
10 FCPATH\index.php(79): CodeIgniter\CodeIgniter->run()
11 SYSTEMPATH\Commands\Server\rewrite.php(47): require_once('C:\\Users\\nurka\\OneDrive\\Documents\\Coding\\Project Akhir\\Pemweb\\haze-web\\public\\index.php')
CRITICAL - 2023-11-21 07:37:30 --> include(/header): Failed to open stream: No such file or directory
in APPPATH\Views\pages\about.php on line 10.
 1 APPPATH\Views\pages\about.php(10): CodeIgniter\Debug\Exceptions->errorHandler(2, 'include(/header): Failed to open stream: No such file or directory', 'C:\\Users\\nurka\\OneDrive\\Documents\\Coding\\Project Akhir\\Pemweb\\haze-web\\app\\Views\\pages\\about.php', 10)
 2 APPPATH\Views\pages\about.php(10): include()
 3 SYSTEMPATH\View\View.php(226): include('C:\\Users\\nurka\\OneDrive\\Documents\\Coding\\Project Akhir\\Pemweb\\haze-web\\app\\Views\\pages\\about.php')
 4 SYSTEMPATH\View\View.php(229): CodeIgniter\View\View->CodeIgniter\View\{closure}()
 5 SYSTEMPATH\Common.php(1188): CodeIgniter\View\View->render('pages/about', [], true)
 6 APPPATH\Controllers\Pages.php(24): view('pages/about')
 7 SYSTEMPATH\CodeIgniter.php(919): App\Controllers\Pages->about()
 8 SYSTEMPATH\CodeIgniter.php(494): CodeIgniter\CodeIgniter->runController(Object(App\Controllers\Pages))
 9 SYSTEMPATH\CodeIgniter.php(353): CodeIgniter\CodeIgniter->handleRequest(null, Object(Config\Cache), false)
10 FCPATH\index.php(79): CodeIgniter\CodeIgniter->run()
11 SYSTEMPATH\Commands\Server\rewrite.php(47): require_once('C:\\Users\\nurka\\OneDrive\\Documents\\Coding\\Project Akhir\\Pemweb\\haze-web\\public\\index.php')
CRITICAL - 2023-11-21 07:37:30 --> include(/header): Failed to open stream: No such file or directory
in APPPATH\Views\pages\about.php on line 10.
 1 APPPATH\Views\pages\about.php(10): CodeIgniter\Debug\Exceptions->errorHandler(2, 'include(/header): Failed to open stream: No such file or directory', 'C:\\Users\\nurka\\OneDrive\\Documents\\Coding\\Project Akhir\\Pemweb\\haze-web\\app\\Views\\pages\\about.php', 10)
 2 APPPATH\Views\pages\about.php(10): include()
 3 SYSTEMPATH\View\View.php(226): include('C:\\Users\\nurka\\OneDrive\\Documents\\Coding\\Project Akhir\\Pemweb\\haze-web\\app\\Views\\pages\\about.php')
 4 SYSTEMPATH\View\View.php(229): CodeIgniter\View\View->CodeIgniter\View\{closure}()
 5 SYSTEMPATH\Common.php(1188): CodeIgniter\View\View->render('pages/about', [], true)
 6 APPPATH\Controllers\Pages.php(24): view('pages/about')
 7 SYSTEMPATH\CodeIgniter.php(919): App\Controllers\Pages->about()
 8 SYSTEMPATH\CodeIgniter.php(494): CodeIgniter\CodeIgniter->runController(Object(App\Controllers\Pages))
 9 SYSTEMPATH\CodeIgniter.php(353): CodeIgniter\CodeIgniter->handleRequest(null, Object(Config\Cache), false)
10 FCPATH\index.php(79): CodeIgniter\CodeIgniter->run()
11 SYSTEMPATH\Commands\Server\rewrite.php(47): require_once('C:\\Users\\nurka\\OneDrive\\Documents\\Coding\\Project Akhir\\Pemweb\\haze-web\\public\\index.php')
CRITICAL - 2023-11-21 07:37:30 --> include(/header): Failed to open stream: No such file or directory
in APPPATH\Views\pages\about.php on line 10.
 1 APPPATH\Views\pages\about.php(10): CodeIgniter\Debug\Exceptions->errorHandler(2, 'include(/header): Failed to open stream: No such file or directory', 'C:\\Users\\nurka\\OneDrive\\Documents\\Coding\\Project Akhir\\Pemweb\\haze-web\\app\\Views\\pages\\about.php', 10)
 2 APPPATH\Views\pages\about.php(10): include()
 3 SYSTEMPATH\View\View.php(226): include('C:\\Users\\nurka\\OneDrive\\Documents\\Coding\\Project Akhir\\Pemweb\\haze-web\\app\\Views\\pages\\about.php')
 4 SYSTEMPATH\View\View.php(229): CodeIgniter\View\View->CodeIgniter\View\{closure}()
 5 SYSTEMPATH\Common.php(1188): CodeIgniter\View\View->render('pages/about', [], true)
 6 APPPATH\Controllers\Pages.php(24): view('pages/about')
 7 SYSTEMPATH\CodeIgniter.php(919): App\Controllers\Pages->about()
 8 SYSTEMPATH\CodeIgniter.php(494): CodeIgniter\CodeIgniter->runController(Object(App\Controllers\Pages))
 9 SYSTEMPATH\CodeIgniter.php(353): CodeIgniter\CodeIgniter->handleRequest(null, Object(Config\Cache), false)
10 FCPATH\index.php(79): CodeIgniter\CodeIgniter->run()
11 SYSTEMPATH\Commands\Server\rewrite.php(47): require_once('C:\\Users\\nurka\\OneDrive\\Documents\\Coding\\Project Akhir\\Pemweb\\haze-web\\public\\index.php')
CRITICAL - 2023-11-21 07:37:31 --> include(/header): Failed to open stream: No such file or directory
in APPPATH\Views\pages\about.php on line 10.
 1 APPPATH\Views\pages\about.php(10): CodeIgniter\Debug\Exceptions->errorHandler(2, 'include(/header): Failed to open stream: No such file or directory', 'C:\\Users\\nurka\\OneDrive\\Documents\\Coding\\Project Akhir\\Pemweb\\haze-web\\app\\Views\\pages\\about.php', 10)
 2 APPPATH\Views\pages\about.php(10): include()
 3 SYSTEMPATH\View\View.php(226): include('C:\\Users\\nurka\\OneDrive\\Documents\\Coding\\Project Akhir\\Pemweb\\haze-web\\app\\Views\\pages\\about.php')
 4 SYSTEMPATH\View\View.php(229): CodeIgniter\View\View->CodeIgniter\View\{closure}()
 5 SYSTEMPATH\Common.php(1188): CodeIgniter\View\View->render('pages/about', [], true)
 6 APPPATH\Controllers\Pages.php(24): view('pages/about')
 7 SYSTEMPATH\CodeIgniter.php(919): App\Controllers\Pages->about()
 8 SYSTEMPATH\CodeIgniter.php(494): CodeIgniter\CodeIgniter->runController(Object(App\Controllers\Pages))
 9 SYSTEMPATH\CodeIgniter.php(353): CodeIgniter\CodeIgniter->handleRequest(null, Object(Config\Cache), false)
10 FCPATH\index.php(79): CodeIgniter\CodeIgniter->run()
11 SYSTEMPATH\Commands\Server\rewrite.php(47): require_once('C:\\Users\\nurka\\OneDrive\\Documents\\Coding\\Project Akhir\\Pemweb\\haze-web\\public\\index.php')
CRITICAL - 2023-11-21 07:37:31 --> include(/header): Failed to open stream: No such file or directory
in APPPATH\Views\pages\about.php on line 10.
 1 APPPATH\Views\pages\about.php(10): CodeIgniter\Debug\Exceptions->errorHandler(2, 'include(/header): Failed to open stream: No such file or directory', 'C:\\Users\\nurka\\OneDrive\\Documents\\Coding\\Project Akhir\\Pemweb\\haze-web\\app\\Views\\pages\\about.php', 10)
 2 APPPATH\Views\pages\about.php(10): include()
 3 SYSTEMPATH\View\View.php(226): include('C:\\Users\\nurka\\OneDrive\\Documents\\Coding\\Project Akhir\\Pemweb\\haze-web\\app\\Views\\pages\\about.php')
 4 SYSTEMPATH\View\View.php(229): CodeIgniter\View\View->CodeIgniter\View\{closure}()
 5 SYSTEMPATH\Common.php(1188): CodeIgniter\View\View->render('pages/about', [], true)
 6 APPPATH\Controllers\Pages.php(24): view('pages/about')
 7 SYSTEMPATH\CodeIgniter.php(919): App\Controllers\Pages->about()
 8 SYSTEMPATH\CodeIgniter.php(494): CodeIgniter\CodeIgniter->runController(Object(App\Controllers\Pages))
 9 SYSTEMPATH\CodeIgniter.php(353): CodeIgniter\CodeIgniter->handleRequest(null, Object(Config\Cache), false)
10 FCPATH\index.php(79): CodeIgniter\CodeIgniter->run()
11 SYSTEMPATH\Commands\Server\rewrite.php(47): require_once('C:\\Users\\nurka\\OneDrive\\Documents\\Coding\\Project Akhir\\Pemweb\\haze-web\\public\\index.php')
CRITICAL - 2023-11-21 07:37:31 --> include(/header): Failed to open stream: No such file or directory
in APPPATH\Views\pages\about.php on line 10.
 1 APPPATH\Views\pages\about.php(10): CodeIgniter\Debug\Exceptions->errorHandler(2, 'include(/header): Failed to open stream: No such file or directory', 'C:\\Users\\nurka\\OneDrive\\Documents\\Coding\\Project Akhir\\Pemweb\\haze-web\\app\\Views\\pages\\about.php', 10)
 2 APPPATH\Views\pages\about.php(10): include()
 3 SYSTEMPATH\View\View.php(226): include('C:\\Users\\nurka\\OneDrive\\Documents\\Coding\\Project Akhir\\Pemweb\\haze-web\\app\\Views\\pages\\about.php')
 4 SYSTEMPATH\View\View.php(229): CodeIgniter\View\View->CodeIgniter\View\{closure}()
 5 SYSTEMPATH\Common.php(1188): CodeIgniter\View\View->render('pages/about', [], true)
 6 APPPATH\Controllers\Pages.php(24): view('pages/about')
 7 SYSTEMPATH\CodeIgniter.php(919): App\Controllers\Pages->about()
 8 SYSTEMPATH\CodeIgniter.php(494): CodeIgniter\CodeIgniter->runController(Object(App\Controllers\Pages))
 9 SYSTEMPATH\CodeIgniter.php(353): CodeIgniter\CodeIgniter->handleRequest(null, Object(Config\Cache), false)
10 FCPATH\index.php(79): CodeIgniter\CodeIgniter->run()
11 SYSTEMPATH\Commands\Server\rewrite.php(47): require_once('C:\\Users\\nurka\\OneDrive\\Documents\\Coding\\Project Akhir\\Pemweb\\haze-web\\public\\index.php')
CRITICAL - 2023-11-21 07:37:31 --> include(/header): Failed to open stream: No such file or directory
in APPPATH\Views\pages\about.php on line 10.
 1 APPPATH\Views\pages\about.php(10): CodeIgniter\Debug\Exceptions->errorHandler(2, 'include(/header): Failed to open stream: No such file or directory', 'C:\\Users\\nurka\\OneDrive\\Documents\\Coding\\Project Akhir\\Pemweb\\haze-web\\app\\Views\\pages\\about.php', 10)
 2 APPPATH\Views\pages\about.php(10): include()
 3 SYSTEMPATH\View\View.php(226): include('C:\\Users\\nurka\\OneDrive\\Documents\\Coding\\Project Akhir\\Pemweb\\haze-web\\app\\Views\\pages\\about.php')
 4 SYSTEMPATH\View\View.php(229): CodeIgniter\View\View->CodeIgniter\View\{closure}()
 5 SYSTEMPATH\Common.php(1188): CodeIgniter\View\View->render('pages/about', [], true)
 6 APPPATH\Controllers\Pages.php(24): view('pages/about')
 7 SYSTEMPATH\CodeIgniter.php(919): App\Controllers\Pages->about()
 8 SYSTEMPATH\CodeIgniter.php(494): CodeIgniter\CodeIgniter->runController(Object(App\Controllers\Pages))
 9 SYSTEMPATH\CodeIgniter.php(353): CodeIgniter\CodeIgniter->handleRequest(null, Object(Config\Cache), false)
10 FCPATH\index.php(79): CodeIgniter\CodeIgniter->run()
11 SYSTEMPATH\Commands\Server\rewrite.php(47): require_once('C:\\Users\\nurka\\OneDrive\\Documents\\Coding\\Project Akhir\\Pemweb\\haze-web\\public\\index.php')
CRITICAL - 2023-11-21 07:37:31 --> include(/header): Failed to open stream: No such file or directory
in APPPATH\Views\pages\about.php on line 10.
 1 APPPATH\Views\pages\about.php(10): CodeIgniter\Debug\Exceptions->errorHandler(2, 'include(/header): Failed to open stream: No such file or directory', 'C:\\Users\\nurka\\OneDrive\\Documents\\Coding\\Project Akhir\\Pemweb\\haze-web\\app\\Views\\pages\\about.php', 10)
 2 APPPATH\Views\pages\about.php(10): include()
 3 SYSTEMPATH\View\View.php(226): include('C:\\Users\\nurka\\OneDrive\\Documents\\Coding\\Project Akhir\\Pemweb\\haze-web\\app\\Views\\pages\\about.php')
 4 SYSTEMPATH\View\View.php(229): CodeIgniter\View\View->CodeIgniter\View\{closure}()
 5 SYSTEMPATH\Common.php(1188): CodeIgniter\View\View->render('pages/about', [], true)
 6 APPPATH\Controllers\Pages.php(24): view('pages/about')
 7 SYSTEMPATH\CodeIgniter.php(919): App\Controllers\Pages->about()
 8 SYSTEMPATH\CodeIgniter.php(494): CodeIgniter\CodeIgniter->runController(Object(App\Controllers\Pages))
 9 SYSTEMPATH\CodeIgniter.php(353): CodeIgniter\CodeIgniter->handleRequest(null, Object(Config\Cache), false)
10 FCPATH\index.php(79): CodeIgniter\CodeIgniter->run()
11 SYSTEMPATH\Commands\Server\rewrite.php(47): require_once('C:\\Users\\nurka\\OneDrive\\Documents\\Coding\\Project Akhir\\Pemweb\\haze-web\\public\\index.php')
CRITICAL - 2023-11-21 07:37:31 --> include(/header): Failed to open stream: No such file or directory
in APPPATH\Views\pages\about.php on line 10.
 1 APPPATH\Views\pages\about.php(10): CodeIgniter\Debug\Exceptions->errorHandler(2, 'include(/header): Failed to open stream: No such file or directory', 'C:\\Users\\nurka\\OneDrive\\Documents\\Coding\\Project Akhir\\Pemweb\\haze-web\\app\\Views\\pages\\about.php', 10)
 2 APPPATH\Views\pages\about.php(10): include()
 3 SYSTEMPATH\View\View.php(226): include('C:\\Users\\nurka\\OneDrive\\Documents\\Coding\\Project Akhir\\Pemweb\\haze-web\\app\\Views\\pages\\about.php')
 4 SYSTEMPATH\View\View.php(229): CodeIgniter\View\View->CodeIgniter\View\{closure}()
 5 SYSTEMPATH\Common.php(1188): CodeIgniter\View\View->render('pages/about', [], true)
 6 APPPATH\Controllers\Pages.php(24): view('pages/about')
 7 SYSTEMPATH\CodeIgniter.php(919): App\Controllers\Pages->about()
 8 SYSTEMPATH\CodeIgniter.php(494): CodeIgniter\CodeIgniter->runController(Object(App\Controllers\Pages))
 9 SYSTEMPATH\CodeIgniter.php(353): CodeIgniter\CodeIgniter->handleRequest(null, Object(Config\Cache), false)
10 FCPATH\index.php(79): CodeIgniter\CodeIgniter->run()
11 SYSTEMPATH\Commands\Server\rewrite.php(47): require_once('C:\\Users\\nurka\\OneDrive\\Documents\\Coding\\Project Akhir\\Pemweb\\haze-web\\public\\index.php')
CRITICAL - 2023-11-21 07:37:36 --> include(/header): Failed to open stream: No such file or directory
in APPPATH\Views\pages\about.php on line 10.
 1 APPPATH\Views\pages\about.php(10): CodeIgniter\Debug\Exceptions->errorHandler(2, 'include(/header): Failed to open stream: No such file or directory', 'C:\\Users\\nurka\\OneDrive\\Documents\\Coding\\Project Akhir\\Pemweb\\haze-web\\app\\Views\\pages\\about.php', 10)
 2 APPPATH\Views\pages\about.php(10): include()
 3 SYSTEMPATH\View\View.php(226): include('C:\\Users\\nurka\\OneDrive\\Documents\\Coding\\Project Akhir\\Pemweb\\haze-web\\app\\Views\\pages\\about.php')
 4 SYSTEMPATH\View\View.php(229): CodeIgniter\View\View->CodeIgniter\View\{closure}()
 5 SYSTEMPATH\Common.php(1188): CodeIgniter\View\View->render('pages/about', [], true)
 6 APPPATH\Controllers\Pages.php(24): view('pages/about')
 7 SYSTEMPATH\CodeIgniter.php(919): App\Controllers\Pages->about()
 8 SYSTEMPATH\CodeIgniter.php(494): CodeIgniter\CodeIgniter->runController(Object(App\Controllers\Pages))
 9 SYSTEMPATH\CodeIgniter.php(353): CodeIgniter\CodeIgniter->handleRequest(null, Object(Config\Cache), false)
10 FCPATH\index.php(79): CodeIgniter\CodeIgniter->run()
11 SYSTEMPATH\Commands\Server\rewrite.php(47): require_once('C:\\Users\\nurka\\OneDrive\\Documents\\Coding\\Project Akhir\\Pemweb\\haze-web\\public\\index.php')
CRITICAL - 2023-11-21 07:37:36 --> include(/header): Failed to open stream: No such file or directory
in APPPATH\Views\pages\about.php on line 10.
 1 APPPATH\Views\pages\about.php(10): CodeIgniter\Debug\Exceptions->errorHandler(2, 'include(/header): Failed to open stream: No such file or directory', 'C:\\Users\\nurka\\OneDrive\\Documents\\Coding\\Project Akhir\\Pemweb\\haze-web\\app\\Views\\pages\\about.php', 10)
 2 APPPATH\Views\pages\about.php(10): include()
 3 SYSTEMPATH\View\View.php(226): include('C:\\Users\\nurka\\OneDrive\\Documents\\Coding\\Project Akhir\\Pemweb\\haze-web\\app\\Views\\pages\\about.php')
 4 SYSTEMPATH\View\View.php(229): CodeIgniter\View\View->CodeIgniter\View\{closure}()
 5 SYSTEMPATH\Common.php(1188): CodeIgniter\View\View->render('pages/about', [], true)
 6 APPPATH\Controllers\Pages.php(24): view('pages/about')
 7 SYSTEMPATH\CodeIgniter.php(919): App\Controllers\Pages->about()
 8 SYSTEMPATH\CodeIgniter.php(494): CodeIgniter\CodeIgniter->runController(Object(App\Controllers\Pages))
 9 SYSTEMPATH\CodeIgniter.php(353): CodeIgniter\CodeIgniter->handleRequest(null, Object(Config\Cache), false)
10 FCPATH\index.php(79): CodeIgniter\CodeIgniter->run()
11 SYSTEMPATH\Commands\Server\rewrite.php(47): require_once('C:\\Users\\nurka\\OneDrive\\Documents\\Coding\\Project Akhir\\Pemweb\\haze-web\\public\\index.php')
CRITICAL - 2023-11-21 07:37:36 --> include(/header): Failed to open stream: No such file or directory
in APPPATH\Views\pages\about.php on line 10.
 1 APPPATH\Views\pages\about.php(10): CodeIgniter\Debug\Exceptions->errorHandler(2, 'include(/header): Failed to open stream: No such file or directory', 'C:\\Users\\nurka\\OneDrive\\Documents\\Coding\\Project Akhir\\Pemweb\\haze-web\\app\\Views\\pages\\about.php', 10)
 2 APPPATH\Views\pages\about.php(10): include()
 3 SYSTEMPATH\View\View.php(226): include('C:\\Users\\nurka\\OneDrive\\Documents\\Coding\\Project Akhir\\Pemweb\\haze-web\\app\\Views\\pages\\about.php')
 4 SYSTEMPATH\View\View.php(229): CodeIgniter\View\View->CodeIgniter\View\{closure}()
 5 SYSTEMPATH\Common.php(1188): CodeIgniter\View\View->render('pages/about', [], true)
 6 APPPATH\Controllers\Pages.php(24): view('pages/about')
 7 SYSTEMPATH\CodeIgniter.php(919): App\Controllers\Pages->about()
 8 SYSTEMPATH\CodeIgniter.php(494): CodeIgniter\CodeIgniter->runController(Object(App\Controllers\Pages))
 9 SYSTEMPATH\CodeIgniter.php(353): CodeIgniter\CodeIgniter->handleRequest(null, Object(Config\Cache), false)
10 FCPATH\index.php(79): CodeIgniter\CodeIgniter->run()
11 SYSTEMPATH\Commands\Server\rewrite.php(47): require_once('C:\\Users\\nurka\\OneDrive\\Documents\\Coding\\Project Akhir\\Pemweb\\haze-web\\public\\index.php')
