INFO - 2023-11-26 04:34:41 --> Session: Class initialized using 'CodeIgniter\Session\Handlers\FileHandler' driver.
INFO - 2023-11-26 04:34:43 --> Session: Class initialized using 'CodeIgniter\Session\Handlers\FileHandler' driver.
ERROR - 2023-11-26 04:35:05 --> Error connecting to the database: mysqli_sql_exception: No connection could be made because the target machine actively refused it in C:\Users\nurka\OneDrive\Documents\Coding\Project Akhir\Pemweb\haze-web\vendor\codeigniter4\framework\system\Database\MySQLi\Connection.php:185
Stack trace:
#0 C:\Users\nurka\OneDrive\Documents\Coding\Project Akhir\Pemweb\haze-web\vendor\codeigniter4\framework\system\Database\MySQLi\Connection.php(185): mysqli->real_connect('localhost', 'root', '', 'db_haze', 3306, '', 0)
#1 C:\Users\nurka\OneDrive\Documents\Coding\Project Akhir\Pemweb\haze-web\vendor\codeigniter4\framework\system\Database\BaseConnection.php(391): CodeIgniter\Database\MySQLi\Connection->connect(false)
#2 C:\Users\nurka\OneDrive\Documents\Coding\Project Akhir\Pemweb\haze-web\vendor\codeigniter4\framework\system\Database\BaseConnection.php(574): CodeIgniter\Database\BaseConnection->initialize()
#3 C:\Users\nurka\OneDrive\Documents\Coding\Project Akhir\Pemweb\haze-web\vendor\codeigniter4\framework\system\Database\BaseBuilder.php(1615): CodeIgniter\Database\BaseConnection->query('SELECT *\nFROM `...', Array, false)
#4 C:\Users\nurka\OneDrive\Documents\Coding\Project Akhir\Pemweb\haze-web\vendor\codeigniter4\framework\system\Model.php(264): CodeIgniter\Database\BaseBuilder->get()
#5 C:\Users\nurka\OneDrive\Documents\Coding\Project Akhir\Pemweb\haze-web\vendor\codeigniter4\framework\system\BaseModel.php(662): CodeIgniter\Model->doFirst()
#6 C:\Users\nurka\OneDrive\Documents\Coding\Project Akhir\Pemweb\haze-web\app\Controllers\Login.php(21): CodeIgniter\BaseModel->first()
#7 C:\Users\nurka\OneDrive\Documents\Coding\Project Akhir\Pemweb\haze-web\vendor\codeigniter4\framework\system\CodeIgniter.php(919): App\Controllers\Login->process()
#8 C:\Users\nurka\OneDrive\Documents\Coding\Project Akhir\Pemweb\haze-web\vendor\codeigniter4\framework\system\CodeIgniter.php(494): CodeIgniter\CodeIgniter->runController(Object(App\Controllers\Login))
#9 C:\Users\nurka\OneDrive\Documents\Coding\Project Akhir\Pemweb\haze-web\vendor\codeigniter4\framework\system\CodeIgniter.php(353): CodeIgniter\CodeIgniter->handleRequest(NULL, Object(Config\Cache), false)
#10 C:\Users\nurka\OneDrive\Documents\Coding\Project Akhir\Pemweb\haze-web\public\index.php(79): CodeIgniter\CodeIgniter->run()
#11 C:\Users\nurka\OneDrive\Documents\Coding\Project Akhir\Pemweb\haze-web\vendor\codeigniter4\framework\system\Commands\Server\rewrite.php(47): require_once('C:\\Users\\nurka\\...')
#12 {main}

Next CodeIgniter\Database\Exceptions\DatabaseException: No connection could be made because the target machine actively refused it in C:\Users\nurka\OneDrive\Documents\Coding\Project Akhir\Pemweb\haze-web\vendor\codeigniter4\framework\system\Database\MySQLi\Connection.php:229
Stack trace:
#0 C:\Users\nurka\OneDrive\Documents\Coding\Project Akhir\Pemweb\haze-web\vendor\codeigniter4\framework\system\Database\BaseConnection.php(391): CodeIgniter\Database\MySQLi\Connection->connect(false)
#1 C:\Users\nurka\OneDrive\Documents\Coding\Project Akhir\Pemweb\haze-web\vendor\codeigniter4\framework\system\Database\BaseConnection.php(574): CodeIgniter\Database\BaseConnection->initialize()
#2 C:\Users\nurka\OneDrive\Documents\Coding\Project Akhir\Pemweb\haze-web\vendor\codeigniter4\framework\system\Database\BaseBuilder.php(1615): CodeIgniter\Database\BaseConnection->query('SELECT *\nFROM `...', Array, false)
#3 C:\Users\nurka\OneDrive\Documents\Coding\Project Akhir\Pemweb\haze-web\vendor\codeigniter4\framework\system\Model.php(264): CodeIgniter\Database\BaseBuilder->get()
#4 C:\Users\nurka\OneDrive\Documents\Coding\Project Akhir\Pemweb\haze-web\vendor\codeigniter4\framework\system\BaseModel.php(662): CodeIgniter\Model->doFirst()
#5 C:\Users\nurka\OneDrive\Documents\Coding\Project Akhir\Pemweb\haze-web\app\Controllers\Login.php(21): CodeIgniter\BaseModel->first()
#6 C:\Users\nurka\OneDrive\Documents\Coding\Project Akhir\Pemweb\haze-web\vendor\codeigniter4\framework\system\CodeIgniter.php(919): App\Controllers\Login->process()
#7 C:\Users\nurka\OneDrive\Documents\Coding\Project Akhir\Pemweb\haze-web\vendor\codeigniter4\framework\system\CodeIgniter.php(494): CodeIgniter\CodeIgniter->runController(Object(App\Controllers\Login))
#8 C:\Users\nurka\OneDrive\Documents\Coding\Project Akhir\Pemweb\haze-web\vendor\codeigniter4\framework\system\CodeIgniter.php(353): CodeIgniter\CodeIgniter->handleRequest(NULL, Object(Config\Cache), false)
#9 C:\Users\nurka\OneDrive\Documents\Coding\Project Akhir\Pemweb\haze-web\public\index.php(79): CodeIgniter\CodeIgniter->run()
#10 C:\Users\nurka\OneDrive\Documents\Coding\Project Akhir\Pemweb\haze-web\vendor\codeigniter4\framework\system\Commands\Server\rewrite.php(47): require_once('C:\\Users\\nurka\\...')
#11 {main}
CRITICAL - 2023-11-26 04:35:05 --> Unable to connect to the database.
Main connection [MySQLi]: No connection could be made because the target machine actively refused it
in SYSTEMPATH\Database\BaseConnection.php on line 427.
 1 SYSTEMPATH\Database\BaseConnection.php(574): CodeIgniter\Database\BaseConnection->initialize()
 2 SYSTEMPATH\Database\BaseBuilder.php(1615): CodeIgniter\Database\BaseConnection->query('SELECT *
FROM `users`
WHERE `username` = :username:
 LIMIT 1', [...], false)
 3 SYSTEMPATH\Model.php(264): CodeIgniter\Database\BaseBuilder->get()
 4 SYSTEMPATH\BaseModel.php(662): CodeIgniter\Model->doFirst()
 5 APPPATH\Controllers\Login.php(21): CodeIgniter\BaseModel->first()
 6 SYSTEMPATH\CodeIgniter.php(919): App\Controllers\Login->process()
 7 SYSTEMPATH\CodeIgniter.php(494): CodeIgniter\CodeIgniter->runController(Object(App\Controllers\Login))
 8 SYSTEMPATH\CodeIgniter.php(353): CodeIgniter\CodeIgniter->handleRequest(null, Object(Config\Cache), false)
 9 FCPATH\index.php(79): CodeIgniter\CodeIgniter->run()
10 SYSTEMPATH\Commands\Server\rewrite.php(47): require_once('C:\\Users\\nurka\\OneDrive\\Documents\\Coding\\Project Akhir\\Pemweb\\haze-web\\public\\index.php')
INFO - 2023-11-26 04:35:14 --> Session: Class initialized using 'CodeIgniter\Session\Handlers\FileHandler' driver.
INFO - 2023-11-26 04:35:20 --> Session: Class initialized using 'CodeIgniter\Session\Handlers\FileHandler' driver.
INFO - 2023-11-26 04:35:20 --> Session: Class initialized using 'CodeIgniter\Session\Handlers\FileHandler' driver.
INFO - 2023-11-26 04:35:22 --> Session: Class initialized using 'CodeIgniter\Session\Handlers\FileHandler' driver.
INFO - 2023-11-26 04:35:26 --> Session: Class initialized using 'CodeIgniter\Session\Handlers\FileHandler' driver.
INFO - 2023-11-26 04:35:32 --> Session: Class initialized using 'CodeIgniter\Session\Handlers\FileHandler' driver.
INFO - 2023-11-26 04:35:35 --> Session: Class initialized using 'CodeIgniter\Session\Handlers\FileHandler' driver.
INFO - 2023-11-26 04:35:37 --> Session: Class initialized using 'CodeIgniter\Session\Handlers\FileHandler' driver.
INFO - 2023-11-26 04:35:40 --> Session: Class initialized using 'CodeIgniter\Session\Handlers\FileHandler' driver.
INFO - 2023-11-26 04:35:45 --> Session: Class initialized using 'CodeIgniter\Session\Handlers\FileHandler' driver.
INFO - 2023-11-26 04:36:04 --> Session: Class initialized using 'CodeIgniter\Session\Handlers\FileHandler' driver.
INFO - 2023-11-26 04:36:22 --> Session: Class initialized using 'CodeIgniter\Session\Handlers\FileHandler' driver.
INFO - 2023-11-26 04:36:23 --> Session: Class initialized using 'CodeIgniter\Session\Handlers\FileHandler' driver.
INFO - 2023-11-26 04:36:24 --> Session: Class initialized using 'CodeIgniter\Session\Handlers\FileHandler' driver.
INFO - 2023-11-26 04:36:26 --> Session: Class initialized using 'CodeIgniter\Session\Handlers\FileHandler' driver.
INFO - 2023-11-26 04:36:27 --> Session: Class initialized using 'CodeIgniter\Session\Handlers\FileHandler' driver.
INFO - 2023-11-26 04:36:29 --> Session: Class initialized using 'CodeIgniter\Session\Handlers\FileHandler' driver.
